mode: atomic
github.com/tonnam/devops-assignment/worker/main.go:48.13,52.2 3 1
github.com/tonnam/devops-assignment/worker/main.go:59.42,61.16 2 2
github.com/tonnam/devops-assignment/worker/main.go:61.16,63.3 1 0
github.com/tonnam/devops-assignment/worker/main.go:65.2,65.33 1 2
github.com/tonnam/devops-assignment/worker/main.go:65.33,67.3 1 2
github.com/tonnam/devops-assignment/worker/main.go:68.2,68.15 1 0
github.com/tonnam/devops-assignment/worker/main.go:72.93,75.34 3 1
github.com/tonnam/devops-assignment/worker/main.go:75.34,77.17 2 2
github.com/tonnam/devops-assignment/worker/main.go:77.17,83.4 4 0
github.com/tonnam/devops-assignment/worker/main.go:84.3,86.20 3 2
github.com/tonnam/devops-assignment/worker/main.go:88.2,88.83 1 1
github.com/tonnam/devops-assignment/worker/main.go:100.48,106.2 1 6
github.com/tonnam/devops-assignment/worker/main.go:109.43,112.6 2 1
github.com/tonnam/devops-assignment/worker/main.go:112.6,113.10 1 1
github.com/tonnam/devops-assignment/worker/main.go:114.21,116.10 2 0
github.com/tonnam/devops-assignment/worker/main.go:117.11,121.22 3 1
github.com/tonnam/devops-assignment/worker/main.go:121.22,124.5 1 1
github.com/tonnam/devops-assignment/worker/main.go:124.10,127.5 1 0
github.com/tonnam/devops-assignment/worker/main.go:132.36,136.14 4 3
github.com/tonnam/devops-assignment/worker/main.go:136.14,140.3 3 1
github.com/tonnam/devops-assignment/worker/main.go:142.2,156.16 5 2
github.com/tonnam/devops-assignment/worker/main.go:156.16,161.3 4 1
github.com/tonnam/devops-assignment/worker/main.go:163.2,165.14 3 1
github.com/tonnam/devops-assignment/worker/main.go:165.14,168.3 2 1
github.com/tonnam/devops-assignment/worker/main.go:169.2,169.18 1 1
github.com/tonnam/devops-assignment/worker/main.go:172.40,174.2 1 2
github.com/tonnam/devops-assignment/worker/main.go:176.35,178.69 1 3
github.com/tonnam/devops-assignment/worker/main.go:178.69,180.3 1 1
github.com/tonnam/devops-assignment/worker/main.go:181.2,181.20 1 2
github.com/tonnam/devops-assignment/worker/main.go:184.55,185.42 1 2
github.com/tonnam/devops-assignment/worker/main.go:185.42,187.3 1 1
github.com/tonnam/devops-assignment/worker/main.go:188.2,188.21 1 1
github.com/tonnam/devops-assignment/worker/main.go:191.40,194.23 3 2
github.com/tonnam/devops-assignment/worker/main.go:194.23,195.65 1 1
github.com/tonnam/devops-assignment/worker/main.go:195.65,197.4 1 1
github.com/tonnam/devops-assignment/worker/main.go:199.2,199.17 1 2
github.com/tonnam/devops-assignment/worker/main.go:202.58,205.62 3 4
github.com/tonnam/devops-assignment/worker/main.go:205.62,207.3 1 1
github.com/tonnam/devops-assignment/worker/main.go:210.59,215.14 5 4
github.com/tonnam/devops-assignment/worker/main.go:215.14,217.96 2 1
github.com/tonnam/devops-assignment/worker/main.go:217.96,219.4 1 0
github.com/tonnam/devops-assignment/worker/main.go:220.3,220.9 1 1
github.com/tonnam/devops-assignment/worker/main.go:222.2,222.33 1 3
github.com/tonnam/devops-assignment/worker/main.go:222.33,224.93 2 1
github.com/tonnam/devops-assignment/worker/main.go:224.93,226.4 1 0
github.com/tonnam/devops-assignment/worker/main.go:227.3,227.9 1 1
github.com/tonnam/devops-assignment/worker/main.go:230.2,231.65 2 2
github.com/tonnam/devops-assignment/worker/main.go:231.65,233.3 1 1
github.com/tonnam/devops-assignment/worker/main.go:236.72,250.2 5 1
github.com/tonnam/devops-assignment/worker/main.go:252.13,269.15 8 0
github.com/tonnam/devops-assignment/worker/main.go:269.15,271.17 2 0
github.com/tonnam/devops-assignment/worker/main.go:271.17,274.4 2 0
github.com/tonnam/devops-assignment/worker/main.go:275.3,278.16 4 0
github.com/tonnam/devops-assignment/worker/main.go:278.16,279.36 1 0
github.com/tonnam/devops-assignment/worker/main.go:279.36,281.5 1 0
github.com/tonnam/devops-assignment/worker/main.go:283.3,283.50 1 0
github.com/tonnam/devops-assignment/worker/main.go:284.8,286.3 1 0
github.com/tonnam/devops-assignment/worker/main.go:288.2,291.12 3 0
github.com/tonnam/devops-assignment/worker/main.go:291.12,293.86 2 0
github.com/tonnam/devops-assignment/worker/main.go:293.86,295.4 1 0
github.com/tonnam/devops-assignment/worker/main.go:298.2,310.59 10 0
github.com/tonnam/devops-assignment/worker/main.go:310.59,312.3 1 0
github.com/tonnam/devops-assignment/worker/main.go:314.2,314.40 1 0
