mode: atomic
github.com/tonnam/devops-assignment/api/main.go:43.56,46.12 3 3
github.com/tonnam/devops-assignment/api/main.go:46.12,47.7 1 3
github.com/tonnam/devops-assignment/api/main.go:47.7,48.11 1 8
github.com/tonnam/devops-assignment/api/main.go:49.23,50.20 1 5
github.com/tonnam/devops-assignment/api/main.go:51.22,53.9 1 3
github.com/tonnam/devops-assignment/api/main.go:53.9,54.13 1 3
github.com/tonnam/devops-assignment/api/main.go:55.25,56.22 1 0
github.com/tonnam/devops-assignment/api/main.go:57.14,58.13 1 3
github.com/tonnam/devops-assignment/api/main.go:66.31,70.14 4 6
github.com/tonnam/devops-assignment/api/main.go:70.14,72.3 1 4
github.com/tonnam/devops-assignment/api/main.go:73.2,77.16 2 2
github.com/tonnam/devops-assignment/api/main.go:77.16,79.3 1 1
github.com/tonnam/devops-assignment/api/main.go:82.42,84.16 2 8
github.com/tonnam/devops-assignment/api/main.go:84.16,86.3 1 0
github.com/tonnam/devops-assignment/api/main.go:88.2,100.15 2 8
github.com/tonnam/devops-assignment/api/main.go:104.93,107.34 3 2
github.com/tonnam/devops-assignment/api/main.go:107.34,109.17 2 7
github.com/tonnam/devops-assignment/api/main.go:109.17,115.4 4 0
github.com/tonnam/devops-assignment/api/main.go:116.3,118.20 3 7
github.com/tonnam/devops-assignment/api/main.go:120.2,120.83 1 2
github.com/tonnam/devops-assignment/api/main.go:155.13,160.2 4 1
github.com/tonnam/devops-assignment/api/main.go:163.81,164.46 1 2
github.com/tonnam/devops-assignment/api/main.go:164.46,165.72 1 2
github.com/tonnam/devops-assignment/api/main.go:165.72,166.24 1 2
github.com/tonnam/devops-assignment/api/main.go:166.24,170.100 4 1
github.com/tonnam/devops-assignment/api/main.go:170.100,172.6 1 0
github.com/tonnam/devops-assignment/api/main.go:173.5,173.11 1 1
github.com/tonnam/devops-assignment/api/main.go:175.4,175.24 1 1
github.com/tonnam/devops-assignment/api/main.go:212.39,213.40 1 8
github.com/tonnam/devops-assignment/api/main.go:213.40,215.3 1 4
github.com/tonnam/devops-assignment/api/main.go:216.2,216.17 1 4
github.com/tonnam/devops-assignment/api/main.go:220.56,221.71 1 3
github.com/tonnam/devops-assignment/api/main.go:221.71,234.28 9 5
github.com/tonnam/devops-assignment/api/main.go:234.28,236.4 1 1
github.com/tonnam/devops-assignment/api/main.go:238.3,238.23 1 5
github.com/tonnam/devops-assignment/api/main.go:238.23,239.11 1 5
github.com/tonnam/devops-assignment/api/main.go:246.6,246.6 0 5
github.com/tonnam/devops-assignment/api/main.go:247.12,248.53 1 0
github.com/tonnam/devops-assignment/api/main.go:252.3,258.4 1 5
github.com/tonnam/devops-assignment/api/main.go:268.48,271.2 2 6
github.com/tonnam/devops-assignment/api/main.go:274.58,277.62 3 4
github.com/tonnam/devops-assignment/api/main.go:277.62,279.3 1 1
github.com/tonnam/devops-assignment/api/main.go:283.59,288.14 5 4
github.com/tonnam/devops-assignment/api/main.go:288.14,290.96 2 1
github.com/tonnam/devops-assignment/api/main.go:290.96,292.4 1 0
github.com/tonnam/devops-assignment/api/main.go:293.3,293.9 1 1
github.com/tonnam/devops-assignment/api/main.go:295.2,295.33 1 3
github.com/tonnam/devops-assignment/api/main.go:295.33,297.93 2 1
github.com/tonnam/devops-assignment/api/main.go:297.93,299.4 1 0
github.com/tonnam/devops-assignment/api/main.go:300.3,300.9 1 1
github.com/tonnam/devops-assignment/api/main.go:303.2,304.65 2 2
github.com/tonnam/devops-assignment/api/main.go:304.65,306.3 1 1
github.com/tonnam/devops-assignment/api/main.go:316.49,317.54 1 1
github.com/tonnam/devops-assignment/api/main.go:317.54,325.57 4 1
github.com/tonnam/devops-assignment/api/main.go:325.57,327.4 1 0
github.com/tonnam/devops-assignment/api/main.go:331.55,332.42 1 2
github.com/tonnam/devops-assignment/api/main.go:332.42,334.3 1 1
github.com/tonnam/devops-assignment/api/main.go:335.2,335.21 1 1
github.com/tonnam/devops-assignment/api/main.go:338.25,340.51 2 4
github.com/tonnam/devops-assignment/api/main.go:340.51,341.59 1 3
github.com/tonnam/devops-assignment/api/main.go:341.59,343.4 1 1
github.com/tonnam/devops-assignment/api/main.go:345.2,345.18 1 4
github.com/tonnam/devops-assignment/api/main.go:348.49,350.16 2 1
github.com/tonnam/devops-assignment/api/main.go:350.16,352.3 1 1
github.com/tonnam/devops-assignment/api/main.go:353.2,357.15 5 0
github.com/tonnam/devops-assignment/api/main.go:360.68,369.2 1 1
github.com/tonnam/devops-assignment/api/main.go:371.13,381.43 6 0
github.com/tonnam/devops-assignment/api/main.go:381.43,383.17 2 0
github.com/tonnam/devops-assignment/api/main.go:383.17,386.4 2 0
github.com/tonnam/devops-assignment/api/main.go:387.3,387.16 1 0
github.com/tonnam/devops-assignment/api/main.go:387.16,388.36 1 0
github.com/tonnam/devops-assignment/api/main.go:388.36,390.5 1 0
github.com/tonnam/devops-assignment/api/main.go:392.8,394.3 1 0
github.com/tonnam/devops-assignment/api/main.go:396.2,413.12 13 0
github.com/tonnam/devops-assignment/api/main.go:413.12,415.80 2 0
github.com/tonnam/devops-assignment/api/main.go:415.80,418.4 2 0
github.com/tonnam/devops-assignment/api/main.go:421.2,421.12 1 0
github.com/tonnam/devops-assignment/api/main.go:421.12,423.86 2 0
github.com/tonnam/devops-assignment/api/main.go:423.86,426.4 2 0
github.com/tonnam/devops-assignment/api/main.go:429.2,437.45 7 0
github.com/tonnam/devops-assignment/api/main.go:437.45,439.3 1 0
github.com/tonnam/devops-assignment/api/main.go:440.2,440.51 1 0
github.com/tonnam/devops-assignment/api/main.go:440.51,442.3 1 0
github.com/tonnam/devops-assignment/api/main.go:444.2,445.41 2 0
